Determining if the pthread_create exist failed with the following output:
Change Dir: /home/nvidia/workspaceROS/catkin_ws/build/CMakeFiles/CMakeTmp

Run Build Command:"/usr/bin/make" "cmTC_4ebbe/fast"
/usr/bin/make -f CMakeFiles/cmTC_4ebbe.dir/build.make CMakeFiles/cmTC_4ebbe.dir/build
make[1]: se entra en el directorio '/home/nvidia/workspaceROS/catkin_ws/build/CMakeFiles/CMakeTmp'
Building C object CMakeFiles/cmTC_4ebbe.dir/CheckSymbolExists.c.o
/usr/bin/cc     -o CMakeFiles/cmTC_4ebbe.dir/CheckSymbolExists.c.o   -c /home/nvidia/workspaceROS/catkin_ws/build/CMakeFiles/CMakeTmp/CheckSymbolExists.c
Linking C executable cmTC_4ebbe
/usr/bin/cmake -E cmake_link_script CMakeFiles/cmTC_4ebbe.dir/link.txt --verbose=1
/usr/bin/cc       CMakeFiles/cmTC_4ebbe.dir/CheckSymbolExists.c.o  -o cmTC_4ebbe -rdynamic 
CMakeFiles/cmTC_4ebbe.dir/CheckSymbolExists.c.o: En la función `main':
CheckSymbolExists.c:(.text+0x14): referencia a `pthread_create' sin definir
CheckSymbolExists.c:(.text+0x18): referencia a `pthread_create' sin definir
collect2: error: ld returned 1 exit status
CMakeFiles/cmTC_4ebbe.dir/build.make:97: fallo en las instrucciones para el objetivo 'cmTC_4ebbe'
make[1]: *** [cmTC_4ebbe] Error 1
make[1]: se sale del directorio '/home/nvidia/workspaceROS/catkin_ws/build/CMakeFiles/CMakeTmp'
Makefile:126: fallo en las instrucciones para el objetivo 'cmTC_4ebbe/fast'
make: *** [cmTC_4ebbe/fast] Error 2

File /home/nvidia/workspaceROS/catkin_ws/build/CMakeFiles/CMakeTmp/CheckSymbolExists.c:
/* */
#include <pthread.h>

int main(int argc, char** argv)
{
  (void)argv;
#ifndef pthread_create
  return ((int*)(&pthread_create))[argc];
#else
  (void)argc;
  return 0;
#endif
}

Determining if the function pthread_create exists in the pthreads failed with the following output:
Change Dir: /home/nvidia/workspaceROS/catkin_ws/build/CMakeFiles/CMakeTmp

Run Build Command:"/usr/bin/make" "cmTC_700c0/fast"
/usr/bin/make -f CMakeFiles/cmTC_700c0.dir/build.make CMakeFiles/cmTC_700c0.dir/build
make[1]: se entra en el directorio '/home/nvidia/workspaceROS/catkin_ws/build/CMakeFiles/CMakeTmp'
Building C object CMakeFiles/cmTC_700c0.dir/CheckFunctionExists.c.o
/usr/bin/cc    -DCHECK_FUNCTION_EXISTS=pthread_create   -o CMakeFiles/cmTC_700c0.dir/CheckFunctionExists.c.o   -c /usr/share/cmake-3.5/Modules/CheckFunctionExists.c
Linking C executable cmTC_700c0
/usr/bin/cmake -E cmake_link_script CMakeFiles/cmTC_700c0.dir/link.txt --verbose=1
/usr/bin/cc   -DCHECK_FUNCTION_EXISTS=pthread_create    CMakeFiles/cmTC_700c0.dir/CheckFunctionExists.c.o  -o cmTC_700c0 -rdynamic -lpthreads 
/usr/bin/ld: no se puede encontrar -lpthreads
collect2: error: ld returned 1 exit status
CMakeFiles/cmTC_700c0.dir/build.make:97: fallo en las instrucciones para el objetivo 'cmTC_700c0'
make[1]: *** [cmTC_700c0] Error 1
make[1]: se sale del directorio '/home/nvidia/workspaceROS/catkin_ws/build/CMakeFiles/CMakeTmp'
Makefile:126: fallo en las instrucciones para el objetivo 'cmTC_700c0/fast'
make: *** [cmTC_700c0/fast] Error 2


